<?xml version="1.0" encoding="UTF-8"?><testrun name="WorldTest" project="OGP1415-JumpingAlien" tests="39" started="24" failures="3" errors="1" ignored="0">
  <testsuite name="jumpingalien.part2.tests.WorldTest" time="0.031" incomplete="true">
    <error>java.lang.TypeNotPresentException: Type IllegalDtException not present&#13;
	at sun.reflect.annotation.TypeNotPresentExceptionProxy.generateException(Unknown Source)&#13;
	at sun.reflect.annotation.AnnotationInvocationHandler.invoke(Unknown Source)&#13;
	at com.sun.proxy.$Proxy1.expected(Unknown Source)&#13;
	at org.junit.runners.BlockJUnit4ClassRunner.getExpectedException(BlockJUnit4ClassRunner.java:399)&#13;
	at org.junit.runners.BlockJUnit4ClassRunner.expectsException(BlockJUnit4ClassRunner.java:407)&#13;
	at org.junit.runners.BlockJUnit4ClassRunner.possiblyExpectingExceptions(BlockJUnit4ClassRunner.java:283)&#13;
	at org.junit.runners.BlockJUnit4ClassRunner.methodBlock(BlockJUnit4ClassRunner.java:252)&#13;
	at org.junit.runners.BlockJUnit4ClassRunner.runChild(BlockJUnit4ClassRunner.java:70)&#13;
	at org.junit.runners.BlockJUnit4ClassRunner.runChild(BlockJUnit4ClassRunner.java:50)&#13;
	at org.junit.runners.ParentRunner$3.run(ParentRunner.java:238)&#13;
	at org.junit.runners.ParentRunner$1.schedule(ParentRunner.java:63)&#13;
	at org.junit.runners.ParentRunner.runChildren(ParentRunner.java:236)&#13;
	at org.junit.runners.ParentRunner.access$000(ParentRunner.java:53)&#13;
	at org.junit.runners.ParentRunner$2.evaluate(ParentRunner.java:229)&#13;
	at org.junit.runners.ParentRunner.run(ParentRunner.java:309)&#13;
	at org.eclipse.jdt.internal.junit4.runner.JUnit4TestReference.run(JUnit4TestReference.java:50)&#13;
	at org.eclipse.jdt.internal.junit.runner.TestExecution.run(TestExecution.java:38)&#13;
	at org.eclipse.jdt.internal.junit.runner.RemoteTestRunner.runTests(RemoteTestRunner.java:459)&#13;
	at org.eclipse.jdt.internal.junit.runner.RemoteTestRunner.runTests(RemoteTestRunner.java:675)&#13;
	at org.eclipse.jdt.internal.junit.runner.RemoteTestRunner.run(RemoteTestRunner.java:382)&#13;
	at org.eclipse.jdt.internal.junit.runner.RemoteTestRunner.main(RemoteTestRunner.java:192)&#13;
Caused by: java.lang.ClassNotFoundException: IllegalDtException&#13;
	at java.net.URLClassLoader.findClass(Unknown Source)&#13;
	at java.lang.ClassLoader.loadClass(Unknown Source)&#13;
	at sun.misc.Launcher$AppClassLoader.loadClass(Unknown Source)&#13;
	at java.lang.ClassLoader.loadClass(Unknown Source)&#13;
	at java.lang.Class.forName0(Native Method)&#13;
	at java.lang.Class.forName(Unknown Source)&#13;
	at sun.reflect.generics.factory.CoreReflectionFactory.makeNamedType(Unknown Source)&#13;
	at sun.reflect.generics.visitor.Reifier.visitClassTypeSignature(Unknown Source)&#13;
	at sun.reflect.generics.tree.ClassTypeSignature.accept(Unknown Source)&#13;
	at sun.reflect.annotation.AnnotationParser.parseSig(Unknown Source)&#13;
	at sun.reflect.annotation.AnnotationParser.parseClassValue(Unknown Source)&#13;
	at sun.reflect.annotation.AnnotationParser.parseMemberValue(Unknown Source)&#13;
	at sun.reflect.annotation.AnnotationParser.parseAnnotation2(Unknown Source)&#13;
	at sun.reflect.annotation.AnnotationParser.parseAnnotations2(Unknown Source)&#13;
	at sun.reflect.annotation.AnnotationParser.parseAnnotations(Unknown Source)&#13;
	at java.lang.reflect.Executable.declaredAnnotations(Unknown Source)&#13;
	at java.lang.reflect.Executable.declaredAnnotations(Unknown Source)&#13;
	at java.lang.reflect.Executable.getDeclaredAnnotations(Unknown Source)&#13;
	at java.lang.reflect.Method.getDeclaredAnnotations(Unknown Source)&#13;
	at java.lang.reflect.AccessibleObject.getAnnotations(Unknown Source)&#13;
	at org.junit.runners.model.FrameworkMethod.getAnnotations(FrameworkMethod.java:189)&#13;
	at org.junit.runners.model.TestClass.addToAnnotationLists(TestClass.java:58)&#13;
	at org.junit.runners.model.TestClass.&lt;init&gt;(TestClass.java:46)&#13;
	at org.junit.runners.ParentRunner.&lt;init&gt;(ParentRunner.java:75)&#13;
	at org.junit.runners.BlockJUnit4ClassRunner.&lt;init&gt;(BlockJUnit4ClassRunner.java:57)&#13;
	at org.junit.internal.builders.JUnit4Builder.runnerForClass(JUnit4Builder.java:10)&#13;
	at org.junit.runners.model.RunnerBuilder.safeRunnerForClass(RunnerBuilder.java:59)&#13;
	at org.junit.internal.builders.AllDefaultPossibilitiesBuilder.runnerForClass(AllDefaultPossibilitiesBuilder.java:26)&#13;
	at org.junit.runners.model.RunnerBuilder.safeRunnerForClass(RunnerBuilder.java:59)&#13;
	at org.junit.internal.requests.ClassRequest.getRunner(ClassRequest.java:26)&#13;
	at org.eclipse.jdt.internal.junit4.runner.JUnit4TestReference.&lt;init&gt;(JUnit4TestReference.java:33)&#13;
	at org.eclipse.jdt.internal.junit4.runner.JUnit4TestClassReference.&lt;init&gt;(JUnit4TestClassReference.java:25)&#13;
	at org.eclipse.jdt.internal.junit4.runner.JUnit4TestLoader.createTest(JUnit4TestLoader.java:48)&#13;
	at org.eclipse.jdt.internal.junit4.runner.JUnit4TestLoader.loadTests(JUnit4TestLoader.java:38)&#13;
	at org.eclipse.jdt.internal.junit.runner.RemoteTestRunner.runTests(RemoteTestRunner.java:444)&#13;
	... 3 more&#13;
&#13;
</error>
    <testcase name="testIllegalVisibleWindowZeroX" classname="jumpingalien.part2.tests.WorldTest" time="0.0"/>
    <testcase name="testIllegalVisibleWindowZeroY" classname="jumpingalien.part2.tests.WorldTest" time="0.0"/>
    <testcase name="testGetAlien" classname="jumpingalien.part2.tests.WorldTest" time="0.0"/>
    <testcase name="testIllegalTargetTileXGreaterThanNbTilesX" classname="jumpingalien.part2.tests.WorldTest" time="0.0"/>
    <testcase name="testIllegalTargetTileXGreaterThanNbTilesY" classname="jumpingalien.part2.tests.WorldTest" time="0.016"/>
    <testcase name="testIllegalVisibleWindowNegativeX" classname="jumpingalien.part2.tests.WorldTest" time="0.0"/>
    <testcase name="testIllegalVisibleWindowNegativeY" classname="jumpingalien.part2.tests.WorldTest" time="0.0"/>
    <testcase name="testStartGame" classname="jumpingalien.part2.tests.WorldTest" time="0.0"/>
    <testcase name="testGetVisibleWindow" classname="jumpingalien.part2.tests.WorldTest" time="0.0"/>
    <testcase name="testGetX" classname="jumpingalien.part2.tests.WorldTest" time="0.0"/>
    <testcase name="testGetY" classname="jumpingalien.part2.tests.WorldTest" time="0.0"/>
    <testcase name="testSetGeologicalFeature" classname="jumpingalien.part2.tests.WorldTest" time="0.0"/>
    <testcase name="testRemoveAlien" classname="jumpingalien.part2.tests.WorldTest" time="0.0"/>
    <testcase name="testRemovePlant" classname="jumpingalien.part2.tests.WorldTest" time="0.0">
      <failure>java.lang.AssertionError: expected:&lt;null&gt; but was:&lt;[]&gt;&#13;
	at org.junit.Assert.fail(Assert.java:88)&#13;
	at org.junit.Assert.failNotEquals(Assert.java:743)&#13;
	at org.junit.Assert.assertEquals(Assert.java:118)&#13;
	at org.junit.Assert.assertEquals(Assert.java:144)&#13;
	at jumpingalien.part2.tests.WorldTest.testRemovePlant(WorldTest.java:389)&#13;
	at sun.reflect.NativeMethodAccessorImpl.invoke0(Native Method)&#13;
	at sun.reflect.NativeMethodAccessorImpl.invoke(Unknown Source)&#13;
	at sun.reflect.DelegatingMethodAccessorImpl.invoke(Unknown Source)&#13;
	at java.lang.reflect.Method.invoke(Unknown Source)&#13;
	at org.junit.runners.model.FrameworkMethod$1.runReflectiveCall(FrameworkMethod.java:47)&#13;
	at org.junit.internal.runners.model.ReflectiveCallable.run(ReflectiveCallable.java:12)&#13;
	at org.junit.runners.model.FrameworkMethod.invokeExplosively(FrameworkMethod.java:44)&#13;
	at org.junit.internal.runners.statements.InvokeMethod.evaluate(InvokeMethod.java:17)&#13;
	at org.junit.runners.ParentRunner.runLeaf(ParentRunner.java:271)&#13;
	at org.junit.runners.BlockJUnit4ClassRunner.runChild(BlockJUnit4ClassRunner.java:70)&#13;
	at org.junit.runners.BlockJUnit4ClassRunner.runChild(BlockJUnit4ClassRunner.java:50)&#13;
	at org.junit.runners.ParentRunner$3.run(ParentRunner.java:238)&#13;
	at org.junit.runners.ParentRunner$1.schedule(ParentRunner.java:63)&#13;
	at org.junit.runners.ParentRunner.runChildren(ParentRunner.java:236)&#13;
	at org.junit.runners.ParentRunner.access$000(ParentRunner.java:53)&#13;
	at org.junit.runners.ParentRunner$2.evaluate(ParentRunner.java:229)&#13;
	at org.junit.runners.ParentRunner.run(ParentRunner.java:309)&#13;
	at org.eclipse.jdt.internal.junit4.runner.JUnit4TestReference.run(JUnit4TestReference.java:50)&#13;
	at org.eclipse.jdt.internal.junit.runner.TestExecution.run(TestExecution.java:38)&#13;
	at org.eclipse.jdt.internal.junit.runner.RemoteTestRunner.runTests(RemoteTestRunner.java:459)&#13;
	at org.eclipse.jdt.internal.junit.runner.RemoteTestRunner.runTests(RemoteTestRunner.java:675)&#13;
	at org.eclipse.jdt.internal.junit.runner.RemoteTestRunner.run(RemoteTestRunner.java:382)&#13;
	at org.eclipse.jdt.internal.junit.runner.RemoteTestRunner.main(RemoteTestRunner.java:192)&#13;
&#13;
</failure>
    </testcase>
    <testcase name="testRemoveShark" classname="jumpingalien.part2.tests.WorldTest" time="0.0">
      <failure>java.lang.AssertionError: expected:&lt;null&gt; but was:&lt;[]&gt;&#13;
	at org.junit.Assert.fail(Assert.java:88)&#13;
	at org.junit.Assert.failNotEquals(Assert.java:743)&#13;
	at org.junit.Assert.assertEquals(Assert.java:118)&#13;
	at org.junit.Assert.assertEquals(Assert.java:144)&#13;
	at jumpingalien.part2.tests.WorldTest.testRemoveShark(WorldTest.java:373)&#13;
	at sun.reflect.NativeMethodAccessorImpl.invoke0(Native Method)&#13;
	at sun.reflect.NativeMethodAccessorImpl.invoke(Unknown Source)&#13;
	at sun.reflect.DelegatingMethodAccessorImpl.invoke(Unknown Source)&#13;
	at java.lang.reflect.Method.invoke(Unknown Source)&#13;
	at org.junit.runners.model.FrameworkMethod$1.runReflectiveCall(FrameworkMethod.java:47)&#13;
	at org.junit.internal.runners.model.ReflectiveCallable.run(ReflectiveCallable.java:12)&#13;
	at org.junit.runners.model.FrameworkMethod.invokeExplosively(FrameworkMethod.java:44)&#13;
	at org.junit.internal.runners.statements.InvokeMethod.evaluate(InvokeMethod.java:17)&#13;
	at org.junit.runners.ParentRunner.runLeaf(ParentRunner.java:271)&#13;
	at org.junit.runners.BlockJUnit4ClassRunner.runChild(BlockJUnit4ClassRunner.java:70)&#13;
	at org.junit.runners.BlockJUnit4ClassRunner.runChild(BlockJUnit4ClassRunner.java:50)&#13;
	at org.junit.runners.ParentRunner$3.run(ParentRunner.java:238)&#13;
	at org.junit.runners.ParentRunner$1.schedule(ParentRunner.java:63)&#13;
	at org.junit.runners.ParentRunner.runChildren(ParentRunner.java:236)&#13;
	at org.junit.runners.ParentRunner.access$000(ParentRunner.java:53)&#13;
	at org.junit.runners.ParentRunner$2.evaluate(ParentRunner.java:229)&#13;
	at org.junit.runners.ParentRunner.run(ParentRunner.java:309)&#13;
	at org.eclipse.jdt.internal.junit4.runner.JUnit4TestReference.run(JUnit4TestReference.java:50)&#13;
	at org.eclipse.jdt.internal.junit.runner.TestExecution.run(TestExecution.java:38)&#13;
	at org.eclipse.jdt.internal.junit.runner.RemoteTestRunner.runTests(RemoteTestRunner.java:459)&#13;
	at org.eclipse.jdt.internal.junit.runner.RemoteTestRunner.runTests(RemoteTestRunner.java:675)&#13;
	at org.eclipse.jdt.internal.junit.runner.RemoteTestRunner.run(RemoteTestRunner.java:382)&#13;
	at org.eclipse.jdt.internal.junit.runner.RemoteTestRunner.main(RemoteTestRunner.java:192)&#13;
&#13;
</failure>
    </testcase>
    <testcase name="testRemoveSlime" classname="jumpingalien.part2.tests.WorldTest" time="0.0">
      <failure>java.lang.AssertionError: expected:&lt;null&gt; but was:&lt;[]&gt;&#13;
	at org.junit.Assert.fail(Assert.java:88)&#13;
	at org.junit.Assert.failNotEquals(Assert.java:743)&#13;
	at org.junit.Assert.assertEquals(Assert.java:118)&#13;
	at org.junit.Assert.assertEquals(Assert.java:144)&#13;
	at jumpingalien.part2.tests.WorldTest.testRemoveSlime(WorldTest.java:357)&#13;
	at sun.reflect.NativeMethodAccessorImpl.invoke0(Native Method)&#13;
	at sun.reflect.NativeMethodAccessorImpl.invoke(Unknown Source)&#13;
	at sun.reflect.DelegatingMethodAccessorImpl.invoke(Unknown Source)&#13;
	at java.lang.reflect.Method.invoke(Unknown Source)&#13;
	at org.junit.runners.model.FrameworkMethod$1.runReflectiveCall(FrameworkMethod.java:47)&#13;
	at org.junit.internal.runners.model.ReflectiveCallable.run(ReflectiveCallable.java:12)&#13;
	at org.junit.runners.model.FrameworkMethod.invokeExplosively(FrameworkMethod.java:44)&#13;
	at org.junit.internal.runners.statements.InvokeMethod.evaluate(InvokeMethod.java:17)&#13;
	at org.junit.runners.ParentRunner.runLeaf(ParentRunner.java:271)&#13;
	at org.junit.runners.BlockJUnit4ClassRunner.runChild(BlockJUnit4ClassRunner.java:70)&#13;
	at org.junit.runners.BlockJUnit4ClassRunner.runChild(BlockJUnit4ClassRunner.java:50)&#13;
	at org.junit.runners.ParentRunner$3.run(ParentRunner.java:238)&#13;
	at org.junit.runners.ParentRunner$1.schedule(ParentRunner.java:63)&#13;
	at org.junit.runners.ParentRunner.runChildren(ParentRunner.java:236)&#13;
	at org.junit.runners.ParentRunner.access$000(ParentRunner.java:53)&#13;
	at org.junit.runners.ParentRunner$2.evaluate(ParentRunner.java:229)&#13;
	at org.junit.runners.ParentRunner.run(ParentRunner.java:309)&#13;
	at org.eclipse.jdt.internal.junit4.runner.JUnit4TestReference.run(JUnit4TestReference.java:50)&#13;
	at org.eclipse.jdt.internal.junit.runner.TestExecution.run(TestExecution.java:38)&#13;
	at org.eclipse.jdt.internal.junit.runner.RemoteTestRunner.runTests(RemoteTestRunner.java:459)&#13;
	at org.eclipse.jdt.internal.junit.runner.RemoteTestRunner.runTests(RemoteTestRunner.java:675)&#13;
	at org.eclipse.jdt.internal.junit.runner.RemoteTestRunner.run(RemoteTestRunner.java:382)&#13;
	at org.eclipse.jdt.internal.junit.runner.RemoteTestRunner.main(RemoteTestRunner.java:192)&#13;
&#13;
</failure>
    </testcase>
    <testcase name="testSolidFeatureWallRight" classname="jumpingalien.part2.tests.WorldTest" time="0.015"/>
    <testcase name="testGetTilePositionsIn" classname="jumpingalien.part2.tests.WorldTest" time="0.0"/>
    <testcase name="testAddPlant" classname="jumpingalien.part2.tests.WorldTest" time="0.0"/>
    <testcase name="testAddShark" classname="jumpingalien.part2.tests.WorldTest" time="0.0"/>
    <testcase name="testAddSlime" classname="jumpingalien.part2.tests.WorldTest" time="0.0"/>
    <testcase name="testGeologicalFeaturePixelException" classname="jumpingalien.part2.tests.WorldTest" time="0.0"/>
    <testcase name="testGetWorldInPixels" classname="jumpingalien.part2.tests.WorldTest" time="0.0"/>
    <testcase name="testGetBottomLeftPixelOfTile" classname="jumpingalien.part2.tests.WorldTest" time="0.0"/>
    <testcase name="testAdvanceTimeIllegalDt" classname="jumpingalien.part2.tests.WorldTest" incomplete="true"/>
    <testcase name="testIllegalTargetTileYNegative" classname="jumpingalien.part2.tests.WorldTest" incomplete="true"/>
    <testcase name="testGetTileLenght" classname="jumpingalien.part2.tests.WorldTest" incomplete="true"/>
    <testcase name="testIllegalVisibleWindowTooBigX" classname="jumpingalien.part2.tests.WorldTest" incomplete="true"/>
    <testcase name="testIllegalVisibleWindowTooBigY" classname="jumpingalien.part2.tests.WorldTest" incomplete="true"/>
    <testcase name="testGeologicalFeatureCorrect" classname="jumpingalien.part2.tests.WorldTest" incomplete="true"/>
    <testcase name="testIllegalTileSize" classname="jumpingalien.part2.tests.WorldTest" incomplete="true"/>
    <testcase name="testGetPlants" classname="jumpingalien.part2.tests.WorldTest" incomplete="true"/>
    <testcase name="testGetSharks" classname="jumpingalien.part2.tests.WorldTest" incomplete="true"/>
    <testcase name="testGetSlimes" classname="jumpingalien.part2.tests.WorldTest" incomplete="true"/>
    <testcase name="testIsGameOver1" classname="jumpingalien.part2.tests.WorldTest" incomplete="true"/>
    <testcase name="testIsGameOver2" classname="jumpingalien.part2.tests.WorldTest" incomplete="true"/>
    <testcase name="testNoMazub" classname="jumpingalien.part2.tests.WorldTest" incomplete="true"/>
    <testcase name="testIllegalNbOfTilesZero" classname="jumpingalien.part2.tests.WorldTest" incomplete="true"/>
    <testcase name="testIllegalNbOfTilesNegative" classname="jumpingalien.part2.tests.WorldTest" incomplete="true"/>
  </testsuite>
</testrun>
