<?xml version="1.0" encoding="UTF-8"?><testrun name="WorldTest" project="OGP1415-JumpingAlien" tests="15" started="15" failures="0" errors="2" ignored="0">
  <testsuite name="jumpingalien.part2.tests.WorldTest" time="0.021">
    <testcase name="testIllegalVisibleWindowZeroX" classname="jumpingalien.part2.tests.WorldTest" time="0.005"/>
    <testcase name="testIllegalVisibleWindowZeroY" classname="jumpingalien.part2.tests.WorldTest" time="0.001"/>
    <testcase name="testIllegalTargetTileXGreaterThanNbTilesX" classname="jumpingalien.part2.tests.WorldTest" time="0.0"/>
    <testcase name="testIllegalTargetTileXGreaterThanNbTilesY" classname="jumpingalien.part2.tests.WorldTest" time="0.0"/>
    <testcase name="testIllegalVisibleWindowNegativeX" classname="jumpingalien.part2.tests.WorldTest" time="0.0"/>
    <testcase name="testIllegalVisibleWindowNegativeY" classname="jumpingalien.part2.tests.WorldTest" time="0.0"/>
    <testcase name="testSolidFeatureWallRight" classname="jumpingalien.part2.tests.WorldTest" time="0.01">
      <error>java.lang.Error: Unresolved compilation problems: 
	The method getTileLength() from the type World is not visible
	The method getTileLength() from the type World is not visible
	The method getTileLength() from the type World is not visible
	The method getTileLength() from the type World is not visible
&#13;
	at jumpingalien.model.Mazub.checkSurroundings(Mazub.java:771)&#13;
	at jumpingalien.model.Mazub.changeTimeDependents(Mazub.java:914)&#13;
	at jumpingalien.model.Mazub.advanceTime(Mazub.java:957)&#13;
	at jumpingalien.model.World.advanceEveryGameObject(World.java:983)&#13;
	at jumpingalien.model.World.advanceTime(World.java:1002)&#13;
	at jumpingalien.part2.facade.Facade.advanceTime(Facade.java:159)&#13;
	at jumpingalien.part2.tests.WorldTest.testSolidFeatureWallRight(WorldTest.java:43)&#13;
	at sun.reflect.NativeMethodAccessorImpl.invoke0(Native Method)&#13;
	at sun.reflect.NativeMethodAccessorImpl.invoke(Unknown Source)&#13;
	at sun.reflect.DelegatingMethodAccessorImpl.invoke(Unknown Source)&#13;
	at java.lang.reflect.Method.invoke(Unknown Source)&#13;
	at org.junit.runners.model.FrameworkMethod$1.runReflectiveCall(FrameworkMethod.java:47)&#13;
	at org.junit.internal.runners.model.ReflectiveCallable.run(ReflectiveCallable.java:12)&#13;
	at org.junit.runners.model.FrameworkMethod.invokeExplosively(FrameworkMethod.java:44)&#13;
	at org.junit.internal.runners.statements.InvokeMethod.evaluate(InvokeMethod.java:17)&#13;
	at org.junit.runners.ParentRunner.runLeaf(ParentRunner.java:271)&#13;
	at org.junit.runners.BlockJUnit4ClassRunner.runChild(BlockJUnit4ClassRunner.java:70)&#13;
	at org.junit.runners.BlockJUnit4ClassRunner.runChild(BlockJUnit4ClassRunner.java:50)&#13;
	at org.junit.runners.ParentRunner$3.run(ParentRunner.java:238)&#13;
	at org.junit.runners.ParentRunner$1.schedule(ParentRunner.java:63)&#13;
	at org.junit.runners.ParentRunner.runChildren(ParentRunner.java:236)&#13;
	at org.junit.runners.ParentRunner.access$000(ParentRunner.java:53)&#13;
	at org.junit.runners.ParentRunner$2.evaluate(ParentRunner.java:229)&#13;
	at org.junit.runners.ParentRunner.run(ParentRunner.java:309)&#13;
	at org.eclipse.jdt.internal.junit4.runner.JUnit4TestReference.run(JUnit4TestReference.java:50)&#13;
	at org.eclipse.jdt.internal.junit.runner.TestExecution.run(TestExecution.java:38)&#13;
	at org.eclipse.jdt.internal.junit.runner.RemoteTestRunner.runTests(RemoteTestRunner.java:459)&#13;
	at org.eclipse.jdt.internal.junit.runner.RemoteTestRunner.runTests(RemoteTestRunner.java:675)&#13;
	at org.eclipse.jdt.internal.junit.runner.RemoteTestRunner.run(RemoteTestRunner.java:382)&#13;
	at org.eclipse.jdt.internal.junit.runner.RemoteTestRunner.main(RemoteTestRunner.java:192)&#13;
&#13;
</error>
    </testcase>
    <testcase name="testIllegalTargetTileYNegative" classname="jumpingalien.part2.tests.WorldTest" time="0.0"/>
    <testcase name="testgetWorldInPixels" classname="jumpingalien.part2.tests.WorldTest" time="0.002"/>
    <testcase name="testIllegalVisibleWindowTooBigX" classname="jumpingalien.part2.tests.WorldTest" time="0.0"/>
    <testcase name="testIllegalVisibleWindowTooBigY" classname="jumpingalien.part2.tests.WorldTest" time="0.0"/>
    <testcase name="testIllegalTileSize" classname="jumpingalien.part2.tests.WorldTest" time="0.0"/>
    <testcase name="testNoMazub" classname="jumpingalien.part2.tests.WorldTest" time="0.002">
      <error>java.lang.Exception: Unexpected exception, expected&lt;jumpingalien.util.ModelException&gt; but was&lt;java.lang.NullPointerException&gt;&#13;
	at org.junit.internal.runners.statements.ExpectException.evaluate(ExpectException.java:28)&#13;
	at org.junit.runners.ParentRunner.runLeaf(ParentRunner.java:271)&#13;
	at org.junit.runners.BlockJUnit4ClassRunner.runChild(BlockJUnit4ClassRunner.java:70)&#13;
	at org.junit.runners.BlockJUnit4ClassRunner.runChild(BlockJUnit4ClassRunner.java:50)&#13;
	at org.junit.runners.ParentRunner$3.run(ParentRunner.java:238)&#13;
	at org.junit.runners.ParentRunner$1.schedule(ParentRunner.java:63)&#13;
	at org.junit.runners.ParentRunner.runChildren(ParentRunner.java:236)&#13;
	at org.junit.runners.ParentRunner.access$000(ParentRunner.java:53)&#13;
	at org.junit.runners.ParentRunner$2.evaluate(ParentRunner.java:229)&#13;
	at org.junit.runners.ParentRunner.run(ParentRunner.java:309)&#13;
	at org.eclipse.jdt.internal.junit4.runner.JUnit4TestReference.run(JUnit4TestReference.java:50)&#13;
	at org.eclipse.jdt.internal.junit.runner.TestExecution.run(TestExecution.java:38)&#13;
	at org.eclipse.jdt.internal.junit.runner.RemoteTestRunner.runTests(RemoteTestRunner.java:459)&#13;
	at org.eclipse.jdt.internal.junit.runner.RemoteTestRunner.runTests(RemoteTestRunner.java:675)&#13;
	at org.eclipse.jdt.internal.junit.runner.RemoteTestRunner.run(RemoteTestRunner.java:382)&#13;
	at org.eclipse.jdt.internal.junit.runner.RemoteTestRunner.main(RemoteTestRunner.java:192)&#13;
Caused by: java.lang.NullPointerException&#13;
	at jumpingalien.model.World.computeMinimalDt(World.java:961)&#13;
	at jumpingalien.model.World.advanceTime(World.java:998)&#13;
	at jumpingalien.part2.facade.Facade.advanceTime(Facade.java:159)&#13;
	at jumpingalien.part2.tests.WorldTest.testNoMazub(WorldTest.java:60)&#13;
	at sun.reflect.NativeMethodAccessorImpl.invoke0(Native Method)&#13;
	at sun.reflect.NativeMethodAccessorImpl.invoke(Unknown Source)&#13;
	at sun.reflect.DelegatingMethodAccessorImpl.invoke(Unknown Source)&#13;
	at java.lang.reflect.Method.invoke(Unknown Source)&#13;
	at org.junit.runners.model.FrameworkMethod$1.runReflectiveCall(FrameworkMethod.java:47)&#13;
	at org.junit.internal.runners.model.ReflectiveCallable.run(ReflectiveCallable.java:12)&#13;
	at org.junit.runners.model.FrameworkMethod.invokeExplosively(FrameworkMethod.java:44)&#13;
	at org.junit.internal.runners.statements.InvokeMethod.evaluate(InvokeMethod.java:17)&#13;
	at org.junit.internal.runners.statements.ExpectException.evaluate(ExpectException.java:19)&#13;
	... 15 more&#13;
&#13;
</error>
    </testcase>
    <testcase name="testIllegalNbOfTilesZero" classname="jumpingalien.part2.tests.WorldTest" time="0.001"/>
    <testcase name="testIllegalNbOfTilesNegative" classname="jumpingalien.part2.tests.WorldTest" time="0.0"/>
  </testsuite>
</testrun>
